#
# An unexpected error has been detected by Java Runtime Environment:
#
#  EXCEPTION_ACCESS_VIOLATION (0xc0000005) at pc=0x0b8d338f, pid=2260, tid=2316
#
# Java VM: Java HotSpot(TM) Client VM (10.0-b19 mixed mode, sharing windows-x86)
# Problematic frame:
# C  [grfinger.dll+0x338f]
#
# If you would like to submit a bug report, please visit:
#   http://java.sun.com/webapps/bugreport/crash.jsp
#

---------------  T H R E A D  ---------------

Current thread (0x02a9cc00):  VMThread [stack: 0x02b80000,0x02bd0000] [id=2316]

siginfo: ExceptionCode=0xc0000005, reading address 0x0bc5fd1c

Registers:
EAX=0x02bcfa4c, EBX=0x00000001, ECX=0x0bc5fd18, EDX=0x7c98a27b
ESP=0x02bcf9f8, EBP=0x02bcfa5c, ESI=0x0bc5fd18, EDI=0x00000000
EIP=0x0b8d338f, EFLAGS=0x00010216

Top of Stack: (sp=0x02bcf9f8)
0x02bcf9f8:   0bc5fd18 00000000 0bc5fd18 02bcfa4c
0x02bcfa08:   0b97e218 ffffffff 0b8d1a72 0b8d1a60
0x02bcfa18:   032c120a 00000000 032c1a07 032c2d07
0x02bcfa28:   032c0000 00000000 00000001 00000000
0x02bcfa38:   02bcfa70 001a3900 00000001 02bcfa34
0x02bcfa48:   02bcf61c 02bcfaf0 032c4024 032c83b8
0x02bcfa58:   00000000 02bcfa7c 7c9111a7 032c0000
0x02bcfa68:   00000000 00000001 001a3900 00000000 

Instructions: (pc=0x0b8d338f)
0x0b8d337f:   89 25 00 00 00 00 83 ec 08 56 8b f1 89 74 24 08
0x0b8d338f:   8b 4e 04 8b 01 3b c1 c7 44 24 14 00 00 00 00 89 


Stack: [0x02b80000,0x02bd0000],  sp=0x02bcf9f8,  free space=318k
Native frames: (J=compiled Java code, j=interpreted, Vv=VM code, C=native code)
C  [grfinger.dll+0x338f]
C  [ntdll.dll+0x11a7]
C  [ntdll.dll+0x23f31]
C  [kernel32.dll+0x1ca3e]
C  [kernel32.dll+0x1cab6]
C  [msvcr71.dll+0x8d04]

VM_Operation (0x0383f558): Exit, mode: safepoint, requested by thread 0x02ffcc00


---------------  P R O C E S S  ---------------

Java Threads: ( => current thread )
  0x0346ec00 JavaThread "TimerQueue" daemon [_thread_blocked, id=3128, stack(0x0d4f0000,0x0d540000)]
  0x002e6400 JavaThread "DestroyJavaVM" [_thread_blocked, id=3164, stack(0x008d0000,0x00920000)]
  0x02ffcc00 JavaThread "AWT-EventQueue-0" [_thread_blocked, id=2376, stack(0x037f0000,0x03840000)]
  0x02e6cc00 JavaThread "AWT-Shutdown" [_thread_blocked, id=524, stack(0x030c0000,0x03110000)]
  0x02e6ac00 JavaThread "Java2D Disposer" daemon [_thread_blocked, id=1000, stack(0x03070000,0x030c0000)]
  0x02ae7400 JavaThread "Low Memory Detector" daemon [_thread_blocked, id=3744, stack(0x02d60000,0x02db0000)]
  0x02ae1c00 JavaThread "CompilerThread0" daemon [_thread_blocked, id=2324, stack(0x02d10000,0x02d60000)]
  0x02ae0800 JavaThread "Attach Listener" daemon [_thread_blocked, id=1340, stack(0x02cc0000,0x02d10000)]
  0x02a9f000 JavaThread "Finalizer" daemon [_thread_blocked, id=2288, stack(0x02c20000,0x02c70000)]
  0x02a9e000 JavaThread "Reference Handler" daemon [_thread_blocked, id=2292, stack(0x02bd0000,0x02c20000)]

Other Threads:
=>0x02a9cc00 VMThread [stack: 0x02b80000,0x02bd0000] [id=2316]

VM state:at safepoint (shutting down)

VM Mutex/Monitor currently owned by a thread:  ([mutex/lock_event])
[0x002e5b68/0x00002710] Threads_lock - owner thread: 0x02a9cc00

Heap
 def new generation   total 960K, used 805K [0x229b0000, 0x22ab0000, 0x22e90000)
  eden space 896K,  87% used [0x229b0000, 0x22a72e48, 0x22a90000)
  from space 64K,  39% used [0x22a90000, 0x22a96608, 0x22aa0000)
  to   space 64K,   0% used [0x22aa0000, 0x22aa0000, 0x22ab0000)
 tenured generation   total 4096K, used 2324K [0x22e90000, 0x23290000, 0x269b0000)
   the space 4096K,  56% used [0x22e90000, 0x230d5170, 0x230d5200, 0x23290000)
 compacting perm gen  total 12288K, used 5072K [0x269b0000, 0x275b0000, 0x2a9b0000)
   the space 12288K,  41% used [0x269b0000, 0x26ea4190, 0x26ea4200, 0x275b0000)
    ro space 8192K,  66% used [0x2a9b0000, 0x2af00dc8, 0x2af00e00, 0x2b1b0000)
    rw space 12288K,  52% used [0x2b1b0000, 0x2b8004b0, 0x2b800600, 0x2bdb0000)

Dynamic libraries:
0x00400000 - 0x00423000 	C:\Archivos de programa\Java\jdk1.6.0_05\bin\java.exe
0x7c910000 - 0x7c9c6000 	C:\WINDOWS\system32\ntdll.dll
0x7c800000 - 0x7c901000 	C:\WINDOWS\system32\kernel32.dll
0x77da0000 - 0x77e4c000 	C:\WINDOWS\system32\ADVAPI32.dll
0x77e50000 - 0x77ee1000 	C:\WINDOWS\system32\RPCRT4.dll
0x7c340000 - 0x7c396000 	C:\Archivos de programa\Java\jdk1.6.0_05\jre\bin\msvcr71.dll
0x6d870000 - 0x6dac0000 	C:\Archivos de programa\Java\jdk1.6.0_05\jre\bin\client\jvm.dll
0x77d10000 - 0x77da0000 	C:\WINDOWS\system32\USER32.dll
0x77ef0000 - 0x77f36000 	C:\WINDOWS\system32\GDI32.dll
0x76b00000 - 0x76b2e000 	C:\WINDOWS\system32\WINMM.dll
0x6d320000 - 0x6d328000 	C:\Archivos de programa\Java\jdk1.6.0_05\jre\bin\hpi.dll
0x76bb0000 - 0x76bbb000 	C:\WINDOWS\system32\PSAPI.DLL
0x6d820000 - 0x6d82c000 	C:\Archivos de programa\Java\jdk1.6.0_05\jre\bin\verify.dll
0x6d3c0000 - 0x6d3df000 	C:\Archivos de programa\Java\jdk1.6.0_05\jre\bin\java.dll
0x6d860000 - 0x6d86f000 	C:\Archivos de programa\Java\jdk1.6.0_05\jre\bin\zip.dll
0x6d0b0000 - 0x6d1de000 	C:\Archivos de programa\Java\jdk1.6.0_05\jre\bin\awt.dll
0x72f80000 - 0x72fa6000 	C:\WINDOWS\system32\WINSPOOL.DRV
0x77be0000 - 0x77c38000 	C:\WINDOWS\system32\msvcrt.dll
0x76340000 - 0x7635d000 	C:\WINDOWS\system32\IMM32.dll
0x774b0000 - 0x775ec000 	C:\WINDOWS\system32\ole32.dll
0x5b150000 - 0x5b188000 	C:\WINDOWS\system32\uxtheme.dll
0x736e0000 - 0x73729000 	C:\WINDOWS\system32\ddraw.dll
0x73b40000 - 0x73b46000 	C:\WINDOWS\system32\DCIMAN32.dll
0x6d2c0000 - 0x6d313000 	C:\Archivos de programa\Java\jdk1.6.0_05\jre\bin\fontmanager.dll
0x746b0000 - 0x746fb000 	C:\WINDOWS\system32\MSCTF.dll
0x10000000 - 0x1003b000 	C:\DOCUME~1\silvina\CONFIG~1\Temp\cvasds0.dll
0x77180000 - 0x77227000 	C:\WINDOWS\system32\WININET.dll
0x77f40000 - 0x77fb6000 	C:\WINDOWS\system32\SHLWAPI.dll
0x77a50000 - 0x77ae5000 	C:\WINDOWS\system32\CRYPT32.dll
0x77af0000 - 0x77b02000 	C:\WINDOWS\system32\MSASN1.dll
0x770f0000 - 0x7717c000 	C:\WINDOWS\system32\OLEAUT32.dll
0x773a0000 - 0x774a2000 	C:\WINDOWS\WinSxS\x86_Microsoft.Windows.Common-Controls_6595b64144ccf1df_6.0.2600.2180_x-ww_a84f1ff9\comctl32.dll
0x71a30000 - 0x71a47000 	C:\WINDOWS\system32\WS2_32.dll
0x71a20000 - 0x71a28000 	C:\WINDOWS\system32\WS2HELP.dll
0x7c9d0000 - 0x7d1ee000 	C:\WINDOWS\system32\shell32.dll
0x58c30000 - 0x58cc7000 	C:\WINDOWS\system32\comctl32.dll
0x6d620000 - 0x6d633000 	C:\Archivos de programa\Java\jdk1.6.0_05\jre\bin\net.dll
0x6d640000 - 0x6d649000 	C:\Archivos de programa\Java\jdk1.6.0_05\jre\bin\nio.dll
0x032c0000 - 0x032cf000 	C:\Archivos de programa\Griaule\GrFinger 4.2\bin\GrFingerJava.dll
0x0b8d0000 - 0x0bb36000 	C:\ARCHIV~1\Griaule\GRFING~1.2\bin\grfinger.dll
0x0bb40000 - 0x0bb55000 	C:\ARCHIV~1\Griaule\GRFING~1.2\bin\pthreadVC2.dll
0x71a50000 - 0x71a5a000 	C:\WINDOWS\system32\WSOCK32.dll
0x76740000 - 0x76749000 	C:\WINDOWS\system32\SHFOLDER.dll
0x0d540000 - 0x0d54d000 	C:\ARCHIV~1\Griaule\GRFING~1.2\bin\CaptureSDK.dll
0x0d6b0000 - 0x0d6bf000 	C:\WINDOWS\system32\libusb0.dll
0x74a70000 - 0x74a77000 	C:\WINDOWS\system32\cfgmgr32.dll
0x778f0000 - 0x779e7000 	C:\WINDOWS\system32\setupapi.dll
0x0d730000 - 0x0d741000 	C:\ARCHIV~1\Griaule\GRFING~1.2\bin\fplib.dll
0x77bd0000 - 0x77bd8000 	C:\WINDOWS\system32\VERSION.dll
0x0d7b0000 - 0x0d7dd000 	C:\ARCHIV~1\Griaule\GRFING~1.2\bin\extdllR.dll
0x0d8f0000 - 0x0d92a000 	C:\ARCHIV~1\Griaule\GRFING~1.2\bin\vrfdllR.dll

VM Arguments:
jvm_args: -Dfile.encoding=UTF-8 
java_command: scu.Main
Launcher Type: SUN_STANDARD

Environment Variables:
CLASSPATH=C:\ARCHIV~1\Griaule\GRFING~1.2\bin\GRFING~2.JAR
PATH=C:\Inprise\vbroker\bin;C:\Archivos de programa\Borland\Delphi7\Bin;C:\Archivos de programa\Borland\Delphi7\Projects\Bpl\;C:\WINDOWS\system32;C:\WINDOWS;C:\WINDOWS\System32\Wbem;C:\Archivos de programa\Microsoft SQL Server\100\DTS\Binn\;C:\Archivos de programa\Microsoft SQL Server\100\Tools\Binn\;C:\Archivos de programa\IVT Corporation\BlueSoleil\Mobile;C:\ARCHIV~1\Griaule\GRFING~1.2\bin
USERNAME=silvina
OS=Windows_NT
PROCESSOR_IDENTIFIER=x86 Family 6 Model 14 Stepping 12, GenuineIntel



---------------  S Y S T E M  ---------------

OS: Windows XP Build 2600 Service Pack 2

CPU:total 2 (2 cores per cpu, 1 threads per core) family 6 model 14 stepping 12, cmov, cx8, fxsr, mmx, sse, sse2, sse3

Memory: 4k page, physical 1039724k(420712k free), swap 2501080k(1965068k free)

vm_info: Java HotSpot(TM) Client VM (10.0-b19) for windows-x86 JRE (1.6.0_05-b13), built on Feb 22 2008 01:16:53 by "java_re" with MS VC++ 7.1

time: Mon Aug 24 02:46:58 2009
elapsed time: 40 seconds

